---------------
May 28 2009 20:34 -- inspect
CURL not compiled into PHP - notify server administrator

---------------
May 28 2009 20:34 -- inspect
CURL not compiled into PHP - notify server administrator

---------------
May 28 2009 20:34 -- inspect
CURL not compiled into PHP - notify server administrator

---------------
May 28 2009 20:34 -- inspect
CURL not compiled into PHP - notify server administrator

---------------
May 28 2009 20:34 -- inspect
System Inspection Results: 
------------------------------
NA: Webserver => Apache/2.2.11 (Win32) PHP/5.2.9-2 DAV/2
NA: HTTP Host => localhost
NA: Path_Translated => Z:/www/zc_install/index.php(SCRIPT_FILENAME)
NA: Real Path => Z:\www
NA: PHP O/S => WINNT
NA: PHP API Mode => apache2handler
NA: PHP Max Execution Time per page => 300
OK: Register Globals => OFF
OK: MySQL Support => ON
OK: PHP Version => 5.2.9-2
OK: PHP Safe Mode => OFF
OK: PHP Sessions Support => ON
OK: PHP Session.AutoStart => OFF
OK: PHP session.use_trans_sid => OFF
OK: Suggested SQL Cache Folder => Z:/www/cache
OK: PHP magic_quotes_runtime setting => OFF
OK: PHP magic_quotes_sybase setting => OFF
OK: PHP GD Support => ON
OK: GD Version => GD bundled (2.0.34 compatible)
OK: PHP ZLIB Compression Support => ON
WARN: PHP cURL Support => OFF
WARN: CURL NON-SSL Capability => CURL not compiled into PHP - notify server administrator
WARN: CURL SSL Capability => CURL not compiled into PHP - notify server administrator
WARN: CURL NON-SSL Capability via Proxy => CURL not compiled into PHP - notify server administrator
WARN: CURL SSL Capability via Proxy => CURL not compiled into PHP - notify server administrator
OK: PHP Upload Support => ON  upload_max_filesize=10M;  post_max_size=10M
OK: PHP Upload TMP dir => /tmp
NA: PHP include_path => .;/usr/local/PHP/includes;/usr/local/PHP/pear;/home/admin/www/plugins/pear/PEAR
NA: PHP SMTP destination => localhost
NA: PHP sendmail path => 
NA: PHP sendmail 'from' => me@localhost.com
OK: PHP open_basedir restrictions => 
WARN: PHP Output Buffering (gzip) => OFF
OK: PHP FTP Support => ON
OK: PHP XML Support => ON
OK: PHP Session.Save_Path => Z:\www\cache-->Writeable
OK: includes/configure.php =>  Writeable
OK: admin/includes/configure.php =>  Writeable
OK: cache => OK 777 read/write/execute
OK: images => OK 777 read/write/execute (INCLUDE SUBDIRECTORIES TOO)
OK: includes/languages/english/html_includes => OK 777 read/write (INCLUDE SUBDIRECTORIES TOO)
OK: media => OK 777 read/write/execute
OK: pub => OK 777 read/write/execute
OK: admin/backups => OK 777 read/write
OK: admin/images/graphs => OK 777 read/write/execute
PHP Extensions compiled: bcmath, calendar, com_dotnet, ctype, session, filter, ftp, hash, iconv, json, odbc, pcre, Reflection, date, libxml, standard, tokenizer, zlib, SimpleXML, dom, SPL, wddx, xml, xmlreader, xmlwriter, apache2handler, gd, mbstring, mcrypt, mysql, mysqli, PDO, sockets, SQLite, xmlrpc, zip, eAccelerator
------------------------------


---------------
May 28 2009 20:38 -- inspect
CURL not compiled into PHP - notify server administrator

---------------
May 28 2009 20:38 -- inspect
CURL not compiled into PHP - notify server administrator

---------------
May 28 2009 20:38 -- inspect
CURL not compiled into PHP - notify server administrator

---------------
May 28 2009 20:38 -- inspect
CURL not compiled into PHP - notify server administrator

---------------
May 28 2009 20:40 -- database_setup
FATAL: Connection to Database failed - Access denied for user 'root'@'localhost' (using password: NO)

---------------
May 28 2009 20:40 -- database_setup1
Installer - Page: database_setup -- collected information: Array
(
    [language] => english
    [DIR_FS_SQL_CACHE] => Z:/www/cache
    [DB_TYPE] => mysql
    [DB_PREFIX] => 
    [DB_SERVER] => localhost
    [DB_SERVER_USERNAME] => root
    [DB_SERVER_PASSWORD] => 
    [DB_DATABASE] => cart
    [STORE_SESSIONS] => db
    [USE_PCONNECT] => 
    [SQL_CACHE_METHOD] => none
)


---------------
May 28 2009 20:41 -- database_setup1
Installer - Page: database_setup -- collected information: Array
(
    [language] => english
    [DIR_FS_SQL_CACHE] => Z:/www/cache
    [DB_TYPE] => mysql
    [DB_PREFIX] => 
    [DB_SERVER] => localhost
    [DB_SERVER_USERNAME] => *****
    [DB_SERVER_PASSWORD] => Y205dmRBPT0=
    [DB_DATABASE] => cart
    [STORE_SESSIONS] => db
    [USE_PCONNECT] => 
    [SQL_CACHE_METHOD] => none
)


---------------
May 28 2009 20:42 -- store_setup
FATAL: Store owner is empty

---------------
May 28 2009 20:42 -- admin_setup
FATAL: Admin email empty

---------------
May 28 2009 20:42 -- admin_setup
FATAL: Admin email is not valid

---------------
May 28 2009 20:42 -- admin_setup
FATAL: Passwords do not match

